666 250
2.98377   0.63258
0.60409   0.531879
666 200
3.28275   0.526205
0.665534   0.425503
666 166
3.56237   0.453869
0.723   0.353167
666 100
4.75045   0.313453
0.967166   0.212751
333 250
4.68938   0.63258
0.954615   0.531879
333 200
4.97884   0.526205
1.0141   0.425503
333 166
5.27961   0.453869
1.07591   0.353167
333 100
6.45658   0.313453
1.3178   0.212751
166 250
8.3117   0.63258
1.69905   0.531879
166 200
8.38647   0.526205
1.71441   0.425503
166 166
8.79716   0.453869
1.79881   0.353167
166 100
9.93845   0.313453
2.03336   0.212751
